<?xml version="1.0" encoding="UTF-8"?>
<!-- Generated by org.testng.reporters.JUnitReportReporter -->
<testsuite hostname="DESKTOP-V7ASMB4" failures="0" tests="4" name="org.example.TestNGLearning" time="6.254" errors="0" timestamp="2024-03-09T13:29:50 IST" skipped="0">
  <testcase classname="org.example.TestNGLearning" name="firstTest" time="0.940"/>
  <testcase classname="org.example.TestNGLearning" name="secondTest" time="2.557"/>
  <testcase classname="org.example.TestNGLearning" name="thirdTest" time="0.928"/>
  <testcase classname="org.example.TestNGLearning" name="fourthTest" time="1.829"/>
</testsuite> <!-- org.example.TestNGLearning -->
