<?xml version="1.0" encoding="UTF-8"?>
<!-- Generated by org.testng.reporters.JUnitReportReporter -->
<testsuite hostname="DESKTOP-V7ASMB4" failures="0" tests="1" name="org.example.TestNGParameterization" time="0.008" errors="0" timestamp="2024-03-11T11:27:14 IST" skipped="0">
  <testcase classname="org.example.TestNGParameterization" name="apple1" time="0.008"/>
</testsuite> <!-- org.example.TestNGParameterization -->
