<?xml version="1.0" encoding="UTF-8"?>
<!-- Generated by org.testng.reporters.JUnitReportReporter -->
<testsuite hostname="DESKTOP-V7ASMB4" failures="0" tests="2" name="org.example.TestNGGrouping" time="0.011" errors="0" timestamp="2024-03-11T11:19:39 IST" skipped="0">
  <testcase classname="org.example.TestNGGrouping" name="moto2" time="0.001"/>
  <testcase classname="org.example.TestNGGrouping" name="moto1" time="0.010"/>
</testsuite> <!-- org.example.TestNGGrouping -->
