<?xml version="1.0" encoding="UTF-8"?>
<!-- Generated by org.testng.reporters.JUnitReportReporter -->
<testsuite hostname="DESKTOP-V7ASMB4" failures="0" tests="2" name="org.example.TestNGParallelTesting" time="12.567" errors="0" timestamp="2024-03-11T12:10:20 IST" skipped="0">
  <testcase classname="org.example.TestNGParallelTesting" name="firstTest" time="6.997"/>
  <testcase classname="org.example.TestNGParallelTesting" name="secondTest" time="5.570"/>
</testsuite> <!-- org.example.TestNGParallelTesting -->
